[0.198s] DEBUG:colcon:Command line arguments: ['/usr/bin/colcon', 'build', '--packages-select', 'aim_line_follow', '--symlink-install']
[0.198s] DEBUG:colcon:Parsed command line arguments: Namespace(allow_overriding=[], ament_cmake_args=None, base_paths=['.'], build_base='build', catkin_cmake_args=None, catkin_skip_building_tests=False, cmake_args=None, cmake_clean_cache=False, cmake_clean_first=False, cmake_force_configure=False, cmake_target=None, cmake_target_skip_unavailable=False, continue_on_error=False, event_handlers=None, executor='parallel', ignore_user_meta=False, install_base='install', log_base=None, log_level=None, main=<bound method BuildVerb.main of <colcon_core.verb.build.BuildVerb object at 0x7f84a96d7b50>>, merge_install=False, metas=['./colcon.meta'], packages_above=None, packages_above_and_dependencies=None, packages_above_depth=None, packages_end=None, packages_ignore=None, packages_ignore_regex=None, packages_select=['aim_line_follow'], packages_select_build_failed=False, packages_select_by_dep=None, packages_select_regex=None, packages_select_test_failures=False, packages_skip=None, packages_skip_build_finished=False, packages_skip_by_dep=None, packages_skip_regex=None, packages_skip_test_passed=False, packages_skip_up_to=None, packages_start=None, packages_up_to=None, packages_up_to_regex=None, parallel_workers=12, paths=None, symlink_install=True, test_result_base=None, verb_extension=<colcon_core.verb.build.BuildVerb object at 0x7f84a96d7b50>, verb_name='build', verb_parser=<colcon_defaults.argument_parser.defaults.DefaultArgumentsDecorator object at 0x7f84a8ed0550>)
[0.250s] Level 1:colcon.colcon_core.package_discovery:discover_packages(colcon_meta) check parameters
[0.250s] Level 1:colcon.colcon_core.package_discovery:discover_packages(recursive) check parameters
[0.250s] Level 1:colcon.colcon_core.package_discovery:discover_packages(ignore) check parameters
[0.250s] Level 1:colcon.colcon_core.package_discovery:discover_packages(path) check parameters
[0.250s] Level 1:colcon.colcon_core.package_discovery:discover_packages(colcon_meta) discover
[0.250s] Level 1:colcon.colcon_core.package_discovery:discover_packages(recursive) discover
[0.250s] INFO:colcon.colcon_core.package_discovery:Crawling recursively for packages in '/home/umang/ros2ws'
[0.250s] Level 1:colcon.colcon_core.package_identification:_identify(.) by extensions ['ignore', 'ignore_ament_install']
[0.250s] Level 1:colcon.colcon_core.package_identification:_identify(.) by extension 'ignore'
[0.250s] Level 1:colcon.colcon_core.package_identification:_identify(.) by extension 'ignore_ament_install'
[0.250s] Level 1:colcon.colcon_core.package_identification:_identify(.) by extensions ['colcon_pkg']
[0.250s] Level 1:colcon.colcon_core.package_identification:_identify(.) by extension 'colcon_pkg'
[0.250s] Level 1:colcon.colcon_core.package_identification:_identify(.) by extensions ['colcon_meta']
[0.250s] Level 1:colcon.colcon_core.package_identification:_identify(.) by extension 'colcon_meta'
[0.250s] Level 1:colcon.colcon_core.package_identification:_identify(.) by extensions ['ros']
[0.251s] Level 1:colcon.colcon_core.package_identification:_identify(.) by extension 'ros'
[0.260s] Level 1:colcon.colcon_core.package_identification:_identify(.) by extensions ['cmake', 'python']
[0.260s] Level 1:colcon.colcon_core.package_identification:_identify(.) by extension 'cmake'
[0.260s] Level 1:colcon.colcon_core.package_identification:_identify(.) by extension 'python'
[0.260s] Level 1:colcon.colcon_core.package_identification:_identify(.) by extensions ['python_setup_py']
[0.260s] Level 1:colcon.colcon_core.package_identification:_identify(.) by extension 'python_setup_py'
[0.261s] Level 1:colcon.colcon_core.package_identification:_identify(build) by extensions ['ignore', 'ignore_ament_install']
[0.261s] Level 1:colcon.colcon_core.package_identification:_identify(build) by extension 'ignore'
[0.261s] Level 1:colcon.colcon_core.package_identification:_identify(build) ignored
[0.261s] Level 1:colcon.colcon_core.package_identification:_identify(install) by extensions ['ignore', 'ignore_ament_install']
[0.261s] Level 1:colcon.colcon_core.package_identification:_identify(install) by extension 'ignore'
[0.261s] Level 1:colcon.colcon_core.package_identification:_identify(install) ignored
[0.261s] Level 1:colcon.colcon_core.package_identification:_identify(log) by extensions ['ignore', 'ignore_ament_install']
[0.261s] Level 1:colcon.colcon_core.package_identification:_identify(log) by extension 'ignore'
[0.261s] Level 1:colcon.colcon_core.package_identification:_identify(log) ignored
[0.261s] Level 1:colcon.colcon_core.package_identification:_identify(nxp_gazebo) by extensions ['ignore', 'ignore_ament_install']
[0.261s] Level 1:colcon.colcon_core.package_identification:_identify(nxp_gazebo) by extension 'ignore'
[0.261s] Level 1:colcon.colcon_core.package_identification:_identify(nxp_gazebo) by extension 'ignore_ament_install'
[0.261s] Level 1:colcon.colcon_core.package_identification:_identify(nxp_gazebo) by extensions ['colcon_pkg']
[0.261s] Level 1:colcon.colcon_core.package_identification:_identify(nxp_gazebo) by extension 'colcon_pkg'
[0.261s] Level 1:colcon.colcon_core.package_identification:_identify(nxp_gazebo) by extensions ['colcon_meta']
[0.261s] Level 1:colcon.colcon_core.package_identification:_identify(nxp_gazebo) by extension 'colcon_meta'
[0.261s] Level 1:colcon.colcon_core.package_identification:_identify(nxp_gazebo) by extensions ['ros']
[0.261s] Level 1:colcon.colcon_core.package_identification:_identify(nxp_gazebo) by extension 'ros'
[0.261s] Level 1:colcon.colcon_core.package_identification:_identify(nxp_gazebo) by extensions ['cmake', 'python']
[0.261s] Level 1:colcon.colcon_core.package_identification:_identify(nxp_gazebo) by extension 'cmake'
[0.261s] Level 1:colcon.colcon_core.package_identification:_identify(nxp_gazebo) by extension 'python'
[0.261s] Level 1:colcon.colcon_core.package_identification:_identify(nxp_gazebo) by extensions ['python_setup_py']
[0.261s] Level 1:colcon.colcon_core.package_identification:_identify(nxp_gazebo) by extension 'python_setup_py'
[0.261s] Level 1:colcon.colcon_core.package_identification:_identify(nxp_gazebo/models) by extensions ['ignore', 'ignore_ament_install']
[0.261s] Level 1:colcon.colcon_core.package_identification:_identify(nxp_gazebo/models) by extension 'ignore'
[0.262s] Level 1:colcon.colcon_core.package_identification:_identify(nxp_gazebo/models) by extension 'ignore_ament_install'
[0.262s] Level 1:colcon.colcon_core.package_identification:_identify(nxp_gazebo/models) by extensions ['colcon_pkg']
[0.262s] Level 1:colcon.colcon_core.package_identification:_identify(nxp_gazebo/models) by extension 'colcon_pkg'
[0.262s] Level 1:colcon.colcon_core.package_identification:_identify(nxp_gazebo/models) by extensions ['colcon_meta']
[0.262s] Level 1:colcon.colcon_core.package_identification:_identify(nxp_gazebo/models) by extension 'colcon_meta'
[0.262s] Level 1:colcon.colcon_core.package_identification:_identify(nxp_gazebo/models) by extensions ['ros']
[0.262s] Level 1:colcon.colcon_core.package_identification:_identify(nxp_gazebo/models) by extension 'ros'
[0.262s] Level 1:colcon.colcon_core.package_identification:_identify(nxp_gazebo/models) by extensions ['cmake', 'python']
[0.262s] Level 1:colcon.colcon_core.package_identification:_identify(nxp_gazebo/models) by extension 'cmake'
[0.262s] Level 1:colcon.colcon_core.package_identification:_identify(nxp_gazebo/models) by extension 'python'
[0.262s] Level 1:colcon.colcon_core.package_identification:_identify(nxp_gazebo/models) by extensions ['python_setup_py']
[0.262s] Level 1:colcon.colcon_core.package_identification:_identify(nxp_gazebo/models) by extension 'python_setup_py'
[0.262s] Level 1:colcon.colcon_core.package_identification:_identify(nxp_gazebo/models/nxp_cupcar) by extensions ['ignore', 'ignore_ament_install']
[0.262s] Level 1:colcon.colcon_core.package_identification:_identify(nxp_gazebo/models/nxp_cupcar) by extension 'ignore'
[0.262s] Level 1:colcon.colcon_core.package_identification:_identify(nxp_gazebo/models/nxp_cupcar) by extension 'ignore_ament_install'
[0.262s] Level 1:colcon.colcon_core.package_identification:_identify(nxp_gazebo/models/nxp_cupcar) by extensions ['colcon_pkg']
[0.262s] Level 1:colcon.colcon_core.package_identification:_identify(nxp_gazebo/models/nxp_cupcar) by extension 'colcon_pkg'
[0.262s] Level 1:colcon.colcon_core.package_identification:_identify(nxp_gazebo/models/nxp_cupcar) by extensions ['colcon_meta']
[0.262s] Level 1:colcon.colcon_core.package_identification:_identify(nxp_gazebo/models/nxp_cupcar) by extension 'colcon_meta'
[0.262s] Level 1:colcon.colcon_core.package_identification:_identify(nxp_gazebo/models/nxp_cupcar) by extensions ['ros']
[0.262s] Level 1:colcon.colcon_core.package_identification:_identify(nxp_gazebo/models/nxp_cupcar) by extension 'ros'
[0.262s] Level 1:colcon.colcon_core.package_identification:_identify(nxp_gazebo/models/nxp_cupcar) by extensions ['cmake', 'python']
[0.262s] Level 1:colcon.colcon_core.package_identification:_identify(nxp_gazebo/models/nxp_cupcar) by extension 'cmake'
[0.262s] Level 1:colcon.colcon_core.package_identification:_identify(nxp_gazebo/models/nxp_cupcar) by extension 'python'
[0.262s] Level 1:colcon.colcon_core.package_identification:_identify(nxp_gazebo/models/nxp_cupcar) by extensions ['python_setup_py']
[0.262s] Level 1:colcon.colcon_core.package_identification:_identify(nxp_gazebo/models/nxp_cupcar) by extension 'python_setup_py'
[0.262s] Level 1:colcon.colcon_core.package_identification:_identify(nxp_gazebo/models/nxp_cupcar/materials) by extensions ['ignore', 'ignore_ament_install']
[0.263s] Level 1:colcon.colcon_core.package_identification:_identify(nxp_gazebo/models/nxp_cupcar/materials) by extension 'ignore'
[0.263s] Level 1:colcon.colcon_core.package_identification:_identify(nxp_gazebo/models/nxp_cupcar/materials) by extension 'ignore_ament_install'
[0.263s] Level 1:colcon.colcon_core.package_identification:_identify(nxp_gazebo/models/nxp_cupcar/materials) by extensions ['colcon_pkg']
[0.263s] Level 1:colcon.colcon_core.package_identification:_identify(nxp_gazebo/models/nxp_cupcar/materials) by extension 'colcon_pkg'
[0.263s] Level 1:colcon.colcon_core.package_identification:_identify(nxp_gazebo/models/nxp_cupcar/materials) by extensions ['colcon_meta']
[0.263s] Level 1:colcon.colcon_core.package_identification:_identify(nxp_gazebo/models/nxp_cupcar/materials) by extension 'colcon_meta'
[0.263s] Level 1:colcon.colcon_core.package_identification:_identify(nxp_gazebo/models/nxp_cupcar/materials) by extensions ['ros']
[0.263s] Level 1:colcon.colcon_core.package_identification:_identify(nxp_gazebo/models/nxp_cupcar/materials) by extension 'ros'
[0.263s] Level 1:colcon.colcon_core.package_identification:_identify(nxp_gazebo/models/nxp_cupcar/materials) by extensions ['cmake', 'python']
[0.263s] Level 1:colcon.colcon_core.package_identification:_identify(nxp_gazebo/models/nxp_cupcar/materials) by extension 'cmake'
[0.263s] Level 1:colcon.colcon_core.package_identification:_identify(nxp_gazebo/models/nxp_cupcar/materials) by extension 'python'
[0.263s] Level 1:colcon.colcon_core.package_identification:_identify(nxp_gazebo/models/nxp_cupcar/materials) by extensions ['python_setup_py']
[0.263s] Level 1:colcon.colcon_core.package_identification:_identify(nxp_gazebo/models/nxp_cupcar/materials) by extension 'python_setup_py'
[0.263s] Level 1:colcon.colcon_core.package_identification:_identify(nxp_gazebo/models/nxp_cupcar/materials/logo) by extensions ['ignore', 'ignore_ament_install']
[0.263s] Level 1:colcon.colcon_core.package_identification:_identify(nxp_gazebo/models/nxp_cupcar/materials/logo) by extension 'ignore'
[0.263s] Level 1:colcon.colcon_core.package_identification:_identify(nxp_gazebo/models/nxp_cupcar/materials/logo) by extension 'ignore_ament_install'
[0.263s] Level 1:colcon.colcon_core.package_identification:_identify(nxp_gazebo/models/nxp_cupcar/materials/logo) by extensions ['colcon_pkg']
[0.263s] Level 1:colcon.colcon_core.package_identification:_identify(nxp_gazebo/models/nxp_cupcar/materials/logo) by extension 'colcon_pkg'
[0.263s] Level 1:colcon.colcon_core.package_identification:_identify(nxp_gazebo/models/nxp_cupcar/materials/logo) by extensions ['colcon_meta']
[0.263s] Level 1:colcon.colcon_core.package_identification:_identify(nxp_gazebo/models/nxp_cupcar/materials/logo) by extension 'colcon_meta'
[0.263s] Level 1:colcon.colcon_core.package_identification:_identify(nxp_gazebo/models/nxp_cupcar/materials/logo) by extensions ['ros']
[0.263s] Level 1:colcon.colcon_core.package_identification:_identify(nxp_gazebo/models/nxp_cupcar/materials/logo) by extension 'ros'
[0.263s] Level 1:colcon.colcon_core.package_identification:_identify(nxp_gazebo/models/nxp_cupcar/materials/logo) by extensions ['cmake', 'python']
[0.263s] Level 1:colcon.colcon_core.package_identification:_identify(nxp_gazebo/models/nxp_cupcar/materials/logo) by extension 'cmake'
[0.263s] Level 1:colcon.colcon_core.package_identification:_identify(nxp_gazebo/models/nxp_cupcar/materials/logo) by extension 'python'
[0.263s] Level 1:colcon.colcon_core.package_identification:_identify(nxp_gazebo/models/nxp_cupcar/materials/logo) by extensions ['python_setup_py']
[0.263s] Level 1:colcon.colcon_core.package_identification:_identify(nxp_gazebo/models/nxp_cupcar/materials/logo) by extension 'python_setup_py'
[0.264s] Level 1:colcon.colcon_core.package_identification:_identify(nxp_gazebo/models/nxp_cupcar/materials/scripts) by extensions ['ignore', 'ignore_ament_install']
[0.264s] Level 1:colcon.colcon_core.package_identification:_identify(nxp_gazebo/models/nxp_cupcar/materials/scripts) by extension 'ignore'
[0.264s] Level 1:colcon.colcon_core.package_identification:_identify(nxp_gazebo/models/nxp_cupcar/materials/scripts) by extension 'ignore_ament_install'
[0.264s] Level 1:colcon.colcon_core.package_identification:_identify(nxp_gazebo/models/nxp_cupcar/materials/scripts) by extensions ['colcon_pkg']
[0.264s] Level 1:colcon.colcon_core.package_identification:_identify(nxp_gazebo/models/nxp_cupcar/materials/scripts) by extension 'colcon_pkg'
[0.264s] Level 1:colcon.colcon_core.package_identification:_identify(nxp_gazebo/models/nxp_cupcar/materials/scripts) by extensions ['colcon_meta']
[0.264s] Level 1:colcon.colcon_core.package_identification:_identify(nxp_gazebo/models/nxp_cupcar/materials/scripts) by extension 'colcon_meta'
[0.264s] Level 1:colcon.colcon_core.package_identification:_identify(nxp_gazebo/models/nxp_cupcar/materials/scripts) by extensions ['ros']
[0.264s] Level 1:colcon.colcon_core.package_identification:_identify(nxp_gazebo/models/nxp_cupcar/materials/scripts) by extension 'ros'
[0.264s] Level 1:colcon.colcon_core.package_identification:_identify(nxp_gazebo/models/nxp_cupcar/materials/scripts) by extensions ['cmake', 'python']
[0.264s] Level 1:colcon.colcon_core.package_identification:_identify(nxp_gazebo/models/nxp_cupcar/materials/scripts) by extension 'cmake'
[0.264s] Level 1:colcon.colcon_core.package_identification:_identify(nxp_gazebo/models/nxp_cupcar/materials/scripts) by extension 'python'
[0.264s] Level 1:colcon.colcon_core.package_identification:_identify(nxp_gazebo/models/nxp_cupcar/materials/scripts) by extensions ['python_setup_py']
[0.264s] Level 1:colcon.colcon_core.package_identification:_identify(nxp_gazebo/models/nxp_cupcar/materials/scripts) by extension 'python_setup_py'
[0.264s] Level 1:colcon.colcon_core.package_identification:_identify(nxp_gazebo/models/nxp_cupcar/meshes) by extensions ['ignore', 'ignore_ament_install']
[0.264s] Level 1:colcon.colcon_core.package_identification:_identify(nxp_gazebo/models/nxp_cupcar/meshes) by extension 'ignore'
[0.264s] Level 1:colcon.colcon_core.package_identification:_identify(nxp_gazebo/models/nxp_cupcar/meshes) by extension 'ignore_ament_install'
[0.264s] Level 1:colcon.colcon_core.package_identification:_identify(nxp_gazebo/models/nxp_cupcar/meshes) by extensions ['colcon_pkg']
[0.264s] Level 1:colcon.colcon_core.package_identification:_identify(nxp_gazebo/models/nxp_cupcar/meshes) by extension 'colcon_pkg'
[0.264s] Level 1:colcon.colcon_core.package_identification:_identify(nxp_gazebo/models/nxp_cupcar/meshes) by extensions ['colcon_meta']
[0.264s] Level 1:colcon.colcon_core.package_identification:_identify(nxp_gazebo/models/nxp_cupcar/meshes) by extension 'colcon_meta'
[0.264s] Level 1:colcon.colcon_core.package_identification:_identify(nxp_gazebo/models/nxp_cupcar/meshes) by extensions ['ros']
[0.264s] Level 1:colcon.colcon_core.package_identification:_identify(nxp_gazebo/models/nxp_cupcar/meshes) by extension 'ros'
[0.264s] Level 1:colcon.colcon_core.package_identification:_identify(nxp_gazebo/models/nxp_cupcar/meshes) by extensions ['cmake', 'python']
[0.264s] Level 1:colcon.colcon_core.package_identification:_identify(nxp_gazebo/models/nxp_cupcar/meshes) by extension 'cmake'
[0.264s] Level 1:colcon.colcon_core.package_identification:_identify(nxp_gazebo/models/nxp_cupcar/meshes) by extension 'python'
[0.264s] Level 1:colcon.colcon_core.package_identification:_identify(nxp_gazebo/models/nxp_cupcar/meshes) by extensions ['python_setup_py']
[0.264s] Level 1:colcon.colcon_core.package_identification:_identify(nxp_gazebo/models/nxp_cupcar/meshes) by extension 'python_setup_py'
[0.265s] Level 1:colcon.colcon_core.package_identification:_identify(nxp_gazebo/models/nxp_raceway_overpass) by extensions ['ignore', 'ignore_ament_install']
[0.265s] Level 1:colcon.colcon_core.package_identification:_identify(nxp_gazebo/models/nxp_raceway_overpass) by extension 'ignore'
[0.265s] Level 1:colcon.colcon_core.package_identification:_identify(nxp_gazebo/models/nxp_raceway_overpass) by extension 'ignore_ament_install'
[0.265s] Level 1:colcon.colcon_core.package_identification:_identify(nxp_gazebo/models/nxp_raceway_overpass) by extensions ['colcon_pkg']
[0.265s] Level 1:colcon.colcon_core.package_identification:_identify(nxp_gazebo/models/nxp_raceway_overpass) by extension 'colcon_pkg'
[0.265s] Level 1:colcon.colcon_core.package_identification:_identify(nxp_gazebo/models/nxp_raceway_overpass) by extensions ['colcon_meta']
[0.265s] Level 1:colcon.colcon_core.package_identification:_identify(nxp_gazebo/models/nxp_raceway_overpass) by extension 'colcon_meta'
[0.265s] Level 1:colcon.colcon_core.package_identification:_identify(nxp_gazebo/models/nxp_raceway_overpass) by extensions ['ros']
[0.265s] Level 1:colcon.colcon_core.package_identification:_identify(nxp_gazebo/models/nxp_raceway_overpass) by extension 'ros'
[0.265s] Level 1:colcon.colcon_core.package_identification:_identify(nxp_gazebo/models/nxp_raceway_overpass) by extensions ['cmake', 'python']
[0.265s] Level 1:colcon.colcon_core.package_identification:_identify(nxp_gazebo/models/nxp_raceway_overpass) by extension 'cmake'
[0.265s] Level 1:colcon.colcon_core.package_identification:_identify(nxp_gazebo/models/nxp_raceway_overpass) by extension 'python'
[0.265s] Level 1:colcon.colcon_core.package_identification:_identify(nxp_gazebo/models/nxp_raceway_overpass) by extensions ['python_setup_py']
[0.265s] Level 1:colcon.colcon_core.package_identification:_identify(nxp_gazebo/models/nxp_raceway_overpass) by extension 'python_setup_py'
[0.265s] Level 1:colcon.colcon_core.package_identification:_identify(nxp_gazebo/models/nxp_raceway_overpass/meshes) by extensions ['ignore', 'ignore_ament_install']
[0.265s] Level 1:colcon.colcon_core.package_identification:_identify(nxp_gazebo/models/nxp_raceway_overpass/meshes) by extension 'ignore'
[0.265s] Level 1:colcon.colcon_core.package_identification:_identify(nxp_gazebo/models/nxp_raceway_overpass/meshes) by extension 'ignore_ament_install'
[0.265s] Level 1:colcon.colcon_core.package_identification:_identify(nxp_gazebo/models/nxp_raceway_overpass/meshes) by extensions ['colcon_pkg']
[0.265s] Level 1:colcon.colcon_core.package_identification:_identify(nxp_gazebo/models/nxp_raceway_overpass/meshes) by extension 'colcon_pkg'
[0.265s] Level 1:colcon.colcon_core.package_identification:_identify(nxp_gazebo/models/nxp_raceway_overpass/meshes) by extensions ['colcon_meta']
[0.265s] Level 1:colcon.colcon_core.package_identification:_identify(nxp_gazebo/models/nxp_raceway_overpass/meshes) by extension 'colcon_meta'
[0.266s] Level 1:colcon.colcon_core.package_identification:_identify(nxp_gazebo/models/nxp_raceway_overpass/meshes) by extensions ['ros']
[0.266s] Level 1:colcon.colcon_core.package_identification:_identify(nxp_gazebo/models/nxp_raceway_overpass/meshes) by extension 'ros'
[0.266s] Level 1:colcon.colcon_core.package_identification:_identify(nxp_gazebo/models/nxp_raceway_overpass/meshes) by extensions ['cmake', 'python']
[0.266s] Level 1:colcon.colcon_core.package_identification:_identify(nxp_gazebo/models/nxp_raceway_overpass/meshes) by extension 'cmake'
[0.266s] Level 1:colcon.colcon_core.package_identification:_identify(nxp_gazebo/models/nxp_raceway_overpass/meshes) by extension 'python'
[0.266s] Level 1:colcon.colcon_core.package_identification:_identify(nxp_gazebo/models/nxp_raceway_overpass/meshes) by extensions ['python_setup_py']
[0.266s] Level 1:colcon.colcon_core.package_identification:_identify(nxp_gazebo/models/nxp_raceway_overpass/meshes) by extension 'python_setup_py'
[0.266s] Level 1:colcon.colcon_core.package_identification:_identify(nxp_gazebo/models/pixy2_cmucam5) by extensions ['ignore', 'ignore_ament_install']
[0.266s] Level 1:colcon.colcon_core.package_identification:_identify(nxp_gazebo/models/pixy2_cmucam5) by extension 'ignore'
[0.266s] Level 1:colcon.colcon_core.package_identification:_identify(nxp_gazebo/models/pixy2_cmucam5) by extension 'ignore_ament_install'
[0.266s] Level 1:colcon.colcon_core.package_identification:_identify(nxp_gazebo/models/pixy2_cmucam5) by extensions ['colcon_pkg']
[0.266s] Level 1:colcon.colcon_core.package_identification:_identify(nxp_gazebo/models/pixy2_cmucam5) by extension 'colcon_pkg'
[0.266s] Level 1:colcon.colcon_core.package_identification:_identify(nxp_gazebo/models/pixy2_cmucam5) by extensions ['colcon_meta']
[0.266s] Level 1:colcon.colcon_core.package_identification:_identify(nxp_gazebo/models/pixy2_cmucam5) by extension 'colcon_meta'
[0.266s] Level 1:colcon.colcon_core.package_identification:_identify(nxp_gazebo/models/pixy2_cmucam5) by extensions ['ros']
[0.266s] Level 1:colcon.colcon_core.package_identification:_identify(nxp_gazebo/models/pixy2_cmucam5) by extension 'ros'
[0.266s] Level 1:colcon.colcon_core.package_identification:_identify(nxp_gazebo/models/pixy2_cmucam5) by extensions ['cmake', 'python']
[0.266s] Level 1:colcon.colcon_core.package_identification:_identify(nxp_gazebo/models/pixy2_cmucam5) by extension 'cmake'
[0.266s] Level 1:colcon.colcon_core.package_identification:_identify(nxp_gazebo/models/pixy2_cmucam5) by extension 'python'
[0.266s] Level 1:colcon.colcon_core.package_identification:_identify(nxp_gazebo/models/pixy2_cmucam5) by extensions ['python_setup_py']
[0.266s] Level 1:colcon.colcon_core.package_identification:_identify(nxp_gazebo/models/pixy2_cmucam5) by extension 'python_setup_py'
[0.266s] Level 1:colcon.colcon_core.package_identification:_identify(nxp_gazebo/models/pixy2_cmucam5/meshes) by extensions ['ignore', 'ignore_ament_install']
[0.266s] Level 1:colcon.colcon_core.package_identification:_identify(nxp_gazebo/models/pixy2_cmucam5/meshes) by extension 'ignore'
[0.266s] Level 1:colcon.colcon_core.package_identification:_identify(nxp_gazebo/models/pixy2_cmucam5/meshes) by extension 'ignore_ament_install'
[0.266s] Level 1:colcon.colcon_core.package_identification:_identify(nxp_gazebo/models/pixy2_cmucam5/meshes) by extensions ['colcon_pkg']
[0.266s] Level 1:colcon.colcon_core.package_identification:_identify(nxp_gazebo/models/pixy2_cmucam5/meshes) by extension 'colcon_pkg'
[0.266s] Level 1:colcon.colcon_core.package_identification:_identify(nxp_gazebo/models/pixy2_cmucam5/meshes) by extensions ['colcon_meta']
[0.266s] Level 1:colcon.colcon_core.package_identification:_identify(nxp_gazebo/models/pixy2_cmucam5/meshes) by extension 'colcon_meta'
[0.266s] Level 1:colcon.colcon_core.package_identification:_identify(nxp_gazebo/models/pixy2_cmucam5/meshes) by extensions ['ros']
[0.266s] Level 1:colcon.colcon_core.package_identification:_identify(nxp_gazebo/models/pixy2_cmucam5/meshes) by extension 'ros'
[0.267s] Level 1:colcon.colcon_core.package_identification:_identify(nxp_gazebo/models/pixy2_cmucam5/meshes) by extensions ['cmake', 'python']
[0.267s] Level 1:colcon.colcon_core.package_identification:_identify(nxp_gazebo/models/pixy2_cmucam5/meshes) by extension 'cmake'
[0.267s] Level 1:colcon.colcon_core.package_identification:_identify(nxp_gazebo/models/pixy2_cmucam5/meshes) by extension 'python'
[0.267s] Level 1:colcon.colcon_core.package_identification:_identify(nxp_gazebo/models/pixy2_cmucam5/meshes) by extensions ['python_setup_py']
[0.267s] Level 1:colcon.colcon_core.package_identification:_identify(nxp_gazebo/models/pixy2_cmucam5/meshes) by extension 'python_setup_py'
[0.267s] Level 1:colcon.colcon_core.package_identification:_identify(nxp_gazebo/models/start_point) by extensions ['ignore', 'ignore_ament_install']
[0.267s] Level 1:colcon.colcon_core.package_identification:_identify(nxp_gazebo/models/start_point) by extension 'ignore'
[0.267s] Level 1:colcon.colcon_core.package_identification:_identify(nxp_gazebo/models/start_point) by extension 'ignore_ament_install'
[0.267s] Level 1:colcon.colcon_core.package_identification:_identify(nxp_gazebo/models/start_point) by extensions ['colcon_pkg']
[0.267s] Level 1:colcon.colcon_core.package_identification:_identify(nxp_gazebo/models/start_point) by extension 'colcon_pkg'
[0.267s] Level 1:colcon.colcon_core.package_identification:_identify(nxp_gazebo/models/start_point) by extensions ['colcon_meta']
[0.267s] Level 1:colcon.colcon_core.package_identification:_identify(nxp_gazebo/models/start_point) by extension 'colcon_meta'
[0.267s] Level 1:colcon.colcon_core.package_identification:_identify(nxp_gazebo/models/start_point) by extensions ['ros']
[0.267s] Level 1:colcon.colcon_core.package_identification:_identify(nxp_gazebo/models/start_point) by extension 'ros'
[0.267s] Level 1:colcon.colcon_core.package_identification:_identify(nxp_gazebo/models/start_point) by extensions ['cmake', 'python']
[0.267s] Level 1:colcon.colcon_core.package_identification:_identify(nxp_gazebo/models/start_point) by extension 'cmake'
[0.267s] Level 1:colcon.colcon_core.package_identification:_identify(nxp_gazebo/models/start_point) by extension 'python'
[0.267s] Level 1:colcon.colcon_core.package_identification:_identify(nxp_gazebo/models/start_point) by extensions ['python_setup_py']
[0.267s] Level 1:colcon.colcon_core.package_identification:_identify(nxp_gazebo/models/start_point) by extension 'python_setup_py'
[0.267s] Level 1:colcon.colcon_core.package_identification:_identify(nxp_gazebo/models/start_point/materials) by extensions ['ignore', 'ignore_ament_install']
[0.267s] Level 1:colcon.colcon_core.package_identification:_identify(nxp_gazebo/models/start_point/materials) by extension 'ignore'
[0.267s] Level 1:colcon.colcon_core.package_identification:_identify(nxp_gazebo/models/start_point/materials) by extension 'ignore_ament_install'
[0.267s] Level 1:colcon.colcon_core.package_identification:_identify(nxp_gazebo/models/start_point/materials) by extensions ['colcon_pkg']
[0.267s] Level 1:colcon.colcon_core.package_identification:_identify(nxp_gazebo/models/start_point/materials) by extension 'colcon_pkg'
[0.267s] Level 1:colcon.colcon_core.package_identification:_identify(nxp_gazebo/models/start_point/materials) by extensions ['colcon_meta']
[0.267s] Level 1:colcon.colcon_core.package_identification:_identify(nxp_gazebo/models/start_point/materials) by extension 'colcon_meta'
[0.267s] Level 1:colcon.colcon_core.package_identification:_identify(nxp_gazebo/models/start_point/materials) by extensions ['ros']
[0.267s] Level 1:colcon.colcon_core.package_identification:_identify(nxp_gazebo/models/start_point/materials) by extension 'ros'
[0.267s] Level 1:colcon.colcon_core.package_identification:_identify(nxp_gazebo/models/start_point/materials) by extensions ['cmake', 'python']
[0.268s] Level 1:colcon.colcon_core.package_identification:_identify(nxp_gazebo/models/start_point/materials) by extension 'cmake'
[0.268s] Level 1:colcon.colcon_core.package_identification:_identify(nxp_gazebo/models/start_point/materials) by extension 'python'
[0.268s] Level 1:colcon.colcon_core.package_identification:_identify(nxp_gazebo/models/start_point/materials) by extensions ['python_setup_py']
[0.268s] Level 1:colcon.colcon_core.package_identification:_identify(nxp_gazebo/models/start_point/materials) by extension 'python_setup_py'
[0.268s] Level 1:colcon.colcon_core.package_identification:_identify(nxp_gazebo/models/start_point/materials/scripts) by extensions ['ignore', 'ignore_ament_install']
[0.268s] Level 1:colcon.colcon_core.package_identification:_identify(nxp_gazebo/models/start_point/materials/scripts) by extension 'ignore'
[0.268s] Level 1:colcon.colcon_core.package_identification:_identify(nxp_gazebo/models/start_point/materials/scripts) by extension 'ignore_ament_install'
[0.268s] Level 1:colcon.colcon_core.package_identification:_identify(nxp_gazebo/models/start_point/materials/scripts) by extensions ['colcon_pkg']
[0.268s] Level 1:colcon.colcon_core.package_identification:_identify(nxp_gazebo/models/start_point/materials/scripts) by extension 'colcon_pkg'
[0.268s] Level 1:colcon.colcon_core.package_identification:_identify(nxp_gazebo/models/start_point/materials/scripts) by extensions ['colcon_meta']
[0.268s] Level 1:colcon.colcon_core.package_identification:_identify(nxp_gazebo/models/start_point/materials/scripts) by extension 'colcon_meta'
[0.268s] Level 1:colcon.colcon_core.package_identification:_identify(nxp_gazebo/models/start_point/materials/scripts) by extensions ['ros']
[0.268s] Level 1:colcon.colcon_core.package_identification:_identify(nxp_gazebo/models/start_point/materials/scripts) by extension 'ros'
[0.268s] Level 1:colcon.colcon_core.package_identification:_identify(nxp_gazebo/models/start_point/materials/scripts) by extensions ['cmake', 'python']
[0.268s] Level 1:colcon.colcon_core.package_identification:_identify(nxp_gazebo/models/start_point/materials/scripts) by extension 'cmake'
[0.268s] Level 1:colcon.colcon_core.package_identification:_identify(nxp_gazebo/models/start_point/materials/scripts) by extension 'python'
[0.268s] Level 1:colcon.colcon_core.package_identification:_identify(nxp_gazebo/models/start_point/materials/scripts) by extensions ['python_setup_py']
[0.268s] Level 1:colcon.colcon_core.package_identification:_identify(nxp_gazebo/models/start_point/materials/scripts) by extension 'python_setup_py'
[0.268s] Level 1:colcon.colcon_core.package_identification:_identify(nxp_gazebo/models/start_point/materials/textures) by extensions ['ignore', 'ignore_ament_install']
[0.268s] Level 1:colcon.colcon_core.package_identification:_identify(nxp_gazebo/models/start_point/materials/textures) by extension 'ignore'
[0.268s] Level 1:colcon.colcon_core.package_identification:_identify(nxp_gazebo/models/start_point/materials/textures) by extension 'ignore_ament_install'
[0.268s] Level 1:colcon.colcon_core.package_identification:_identify(nxp_gazebo/models/start_point/materials/textures) by extensions ['colcon_pkg']
[0.268s] Level 1:colcon.colcon_core.package_identification:_identify(nxp_gazebo/models/start_point/materials/textures) by extension 'colcon_pkg'
[0.268s] Level 1:colcon.colcon_core.package_identification:_identify(nxp_gazebo/models/start_point/materials/textures) by extensions ['colcon_meta']
[0.268s] Level 1:colcon.colcon_core.package_identification:_identify(nxp_gazebo/models/start_point/materials/textures) by extension 'colcon_meta'
[0.268s] Level 1:colcon.colcon_core.package_identification:_identify(nxp_gazebo/models/start_point/materials/textures) by extensions ['ros']
[0.269s] Level 1:colcon.colcon_core.package_identification:_identify(nxp_gazebo/models/start_point/materials/textures) by extension 'ros'
[0.269s] Level 1:colcon.colcon_core.package_identification:_identify(nxp_gazebo/models/start_point/materials/textures) by extensions ['cmake', 'python']
[0.269s] Level 1:colcon.colcon_core.package_identification:_identify(nxp_gazebo/models/start_point/materials/textures) by extension 'cmake'
[0.269s] Level 1:colcon.colcon_core.package_identification:_identify(nxp_gazebo/models/start_point/materials/textures) by extension 'python'
[0.269s] Level 1:colcon.colcon_core.package_identification:_identify(nxp_gazebo/models/start_point/materials/textures) by extensions ['python_setup_py']
[0.269s] Level 1:colcon.colcon_core.package_identification:_identify(nxp_gazebo/models/start_point/materials/textures) by extension 'python_setup_py'
[0.269s] Level 1:colcon.colcon_core.package_identification:_identify(nxp_gazebo/scripts) by extensions ['ignore', 'ignore_ament_install']
[0.269s] Level 1:colcon.colcon_core.package_identification:_identify(nxp_gazebo/scripts) by extension 'ignore'
[0.269s] Level 1:colcon.colcon_core.package_identification:_identify(nxp_gazebo/scripts) by extension 'ignore_ament_install'
[0.269s] Level 1:colcon.colcon_core.package_identification:_identify(nxp_gazebo/scripts) by extensions ['colcon_pkg']
[0.269s] Level 1:colcon.colcon_core.package_identification:_identify(nxp_gazebo/scripts) by extension 'colcon_pkg'
[0.269s] Level 1:colcon.colcon_core.package_identification:_identify(nxp_gazebo/scripts) by extensions ['colcon_meta']
[0.269s] Level 1:colcon.colcon_core.package_identification:_identify(nxp_gazebo/scripts) by extension 'colcon_meta'
[0.269s] Level 1:colcon.colcon_core.package_identification:_identify(nxp_gazebo/scripts) by extensions ['ros']
[0.269s] Level 1:colcon.colcon_core.package_identification:_identify(nxp_gazebo/scripts) by extension 'ros'
[0.269s] Level 1:colcon.colcon_core.package_identification:_identify(nxp_gazebo/scripts) by extensions ['cmake', 'python']
[0.269s] Level 1:colcon.colcon_core.package_identification:_identify(nxp_gazebo/scripts) by extension 'cmake'
[0.269s] Level 1:colcon.colcon_core.package_identification:_identify(nxp_gazebo/scripts) by extension 'python'
[0.269s] Level 1:colcon.colcon_core.package_identification:_identify(nxp_gazebo/scripts) by extensions ['python_setup_py']
[0.269s] Level 1:colcon.colcon_core.package_identification:_identify(nxp_gazebo/scripts) by extension 'python_setup_py'
[0.270s] Level 1:colcon.colcon_core.package_identification:_identify(nxp_gazebo/worlds) by extensions ['ignore', 'ignore_ament_install']
[0.270s] Level 1:colcon.colcon_core.package_identification:_identify(nxp_gazebo/worlds) by extension 'ignore'
[0.270s] Level 1:colcon.colcon_core.package_identification:_identify(nxp_gazebo/worlds) by extension 'ignore_ament_install'
[0.270s] Level 1:colcon.colcon_core.package_identification:_identify(nxp_gazebo/worlds) by extensions ['colcon_pkg']
[0.270s] Level 1:colcon.colcon_core.package_identification:_identify(nxp_gazebo/worlds) by extension 'colcon_pkg'
[0.270s] Level 1:colcon.colcon_core.package_identification:_identify(nxp_gazebo/worlds) by extensions ['colcon_meta']
[0.270s] Level 1:colcon.colcon_core.package_identification:_identify(nxp_gazebo/worlds) by extension 'colcon_meta'
[0.270s] Level 1:colcon.colcon_core.package_identification:_identify(nxp_gazebo/worlds) by extensions ['ros']
[0.270s] Level 1:colcon.colcon_core.package_identification:_identify(nxp_gazebo/worlds) by extension 'ros'
[0.270s] Level 1:colcon.colcon_core.package_identification:_identify(nxp_gazebo/worlds) by extensions ['cmake', 'python']
[0.270s] Level 1:colcon.colcon_core.package_identification:_identify(nxp_gazebo/worlds) by extension 'cmake'
[0.270s] Level 1:colcon.colcon_core.package_identification:_identify(nxp_gazebo/worlds) by extension 'python'
[0.270s] Level 1:colcon.colcon_core.package_identification:_identify(nxp_gazebo/worlds) by extensions ['python_setup_py']
[0.270s] Level 1:colcon.colcon_core.package_identification:_identify(nxp_gazebo/worlds) by extension 'python_setup_py'
[0.270s] Level 1:colcon.colcon_core.package_identification:_identify(osrf) by extensions ['ignore', 'ignore_ament_install']
[0.270s] Level 1:colcon.colcon_core.package_identification:_identify(osrf) by extension 'ignore'
[0.270s] Level 1:colcon.colcon_core.package_identification:_identify(osrf) by extension 'ignore_ament_install'
[0.270s] Level 1:colcon.colcon_core.package_identification:_identify(osrf) by extensions ['colcon_pkg']
[0.270s] Level 1:colcon.colcon_core.package_identification:_identify(osrf) by extension 'colcon_pkg'
[0.270s] Level 1:colcon.colcon_core.package_identification:_identify(osrf) by extensions ['colcon_meta']
[0.271s] Level 1:colcon.colcon_core.package_identification:_identify(osrf) by extension 'colcon_meta'
[0.271s] Level 1:colcon.colcon_core.package_identification:_identify(osrf) by extensions ['ros']
[0.271s] Level 1:colcon.colcon_core.package_identification:_identify(osrf) by extension 'ros'
[0.271s] Level 1:colcon.colcon_core.package_identification:_identify(osrf) by extensions ['cmake', 'python']
[0.271s] Level 1:colcon.colcon_core.package_identification:_identify(osrf) by extension 'cmake'
[0.271s] Level 1:colcon.colcon_core.package_identification:_identify(osrf) by extension 'python'
[0.271s] Level 1:colcon.colcon_core.package_identification:_identify(osrf) by extensions ['python_setup_py']
[0.271s] Level 1:colcon.colcon_core.package_identification:_identify(osrf) by extension 'python_setup_py'
[0.271s] Level 1:colcon.colcon_core.package_identification:_identify(osrf/models) by extensions ['ignore', 'ignore_ament_install']
[0.271s] Level 1:colcon.colcon_core.package_identification:_identify(osrf/models) by extension 'ignore'
[0.271s] Level 1:colcon.colcon_core.package_identification:_identify(osrf/models) by extension 'ignore_ament_install'
[0.271s] Level 1:colcon.colcon_core.package_identification:_identify(osrf/models) by extensions ['colcon_pkg']
[0.271s] Level 1:colcon.colcon_core.package_identification:_identify(osrf/models) by extension 'colcon_pkg'
[0.271s] Level 1:colcon.colcon_core.package_identification:_identify(osrf/models) by extensions ['colcon_meta']
[0.272s] Level 1:colcon.colcon_core.package_identification:_identify(osrf/models) by extension 'colcon_meta'
[0.272s] Level 1:colcon.colcon_core.package_identification:_identify(osrf/models) by extensions ['ros']
[0.272s] Level 1:colcon.colcon_core.package_identification:_identify(osrf/models) by extension 'ros'
[0.272s] Level 1:colcon.colcon_core.package_identification:_identify(osrf/models) by extensions ['cmake', 'python']
[0.272s] Level 1:colcon.colcon_core.package_identification:_identify(osrf/models) by extension 'cmake'
[0.281s] Level 1:colcon.colcon_core.package_identification:_identify(osrf/models) by extension 'python'
[0.281s] DEBUG:colcon.colcon_core.package_identification:Package 'osrf/models' with type 'cmake' and name 'gazebo_models'
[0.281s] Level 1:colcon.colcon_core.package_identification:_identify(src) by extensions ['ignore', 'ignore_ament_install']
[0.281s] Level 1:colcon.colcon_core.package_identification:_identify(src) by extension 'ignore'
[0.281s] Level 1:colcon.colcon_core.package_identification:_identify(src) by extension 'ignore_ament_install'
[0.281s] Level 1:colcon.colcon_core.package_identification:_identify(src) by extensions ['colcon_pkg']
[0.281s] Level 1:colcon.colcon_core.package_identification:_identify(src) by extension 'colcon_pkg'
[0.281s] Level 1:colcon.colcon_core.package_identification:_identify(src) by extensions ['colcon_meta']
[0.281s] Level 1:colcon.colcon_core.package_identification:_identify(src) by extension 'colcon_meta'
[0.281s] Level 1:colcon.colcon_core.package_identification:_identify(src) by extensions ['ros']
[0.281s] Level 1:colcon.colcon_core.package_identification:_identify(src) by extension 'ros'
[0.281s] Level 1:colcon.colcon_core.package_identification:_identify(src) by extensions ['cmake', 'python']
[0.281s] Level 1:colcon.colcon_core.package_identification:_identify(src) by extension 'cmake'
[0.281s] Level 1:colcon.colcon_core.package_identification:_identify(src) by extension 'python'
[0.281s] Level 1:colcon.colcon_core.package_identification:_identify(src) by extensions ['python_setup_py']
[0.281s] Level 1:colcon.colcon_core.package_identification:_identify(src) by extension 'python_setup_py'
[0.281s] Level 1:colcon.colcon_core.package_identification:_identify(src/aim_line_follow) by extensions ['ignore', 'ignore_ament_install']
[0.281s] Level 1:colcon.colcon_core.package_identification:_identify(src/aim_line_follow) by extension 'ignore'
[0.281s] Level 1:colcon.colcon_core.package_identification:_identify(src/aim_line_follow) by extension 'ignore_ament_install'
[0.281s] Level 1:colcon.colcon_core.package_identification:_identify(src/aim_line_follow) by extensions ['colcon_pkg']
[0.281s] Level 1:colcon.colcon_core.package_identification:_identify(src/aim_line_follow) by extension 'colcon_pkg'
[0.282s] Level 1:colcon.colcon_core.package_identification:_identify(src/aim_line_follow) by extensions ['colcon_meta']
[0.282s] Level 1:colcon.colcon_core.package_identification:_identify(src/aim_line_follow) by extension 'colcon_meta'
[0.282s] Level 1:colcon.colcon_core.package_identification:_identify(src/aim_line_follow) by extensions ['ros']
[0.282s] Level 1:colcon.colcon_core.package_identification:_identify(src/aim_line_follow) by extension 'ros'
[0.284s] DEBUG:colcon.colcon_core.package_identification:Package 'src/aim_line_follow' with type 'ros.ament_python' and name 'aim_line_follow'
[0.284s] Level 1:colcon.colcon_core.package_identification:_identify(src/nxp_cup_interfaces) by extensions ['ignore', 'ignore_ament_install']
[0.284s] Level 1:colcon.colcon_core.package_identification:_identify(src/nxp_cup_interfaces) by extension 'ignore'
[0.284s] Level 1:colcon.colcon_core.package_identification:_identify(src/nxp_cup_interfaces) by extension 'ignore_ament_install'
[0.284s] Level 1:colcon.colcon_core.package_identification:_identify(src/nxp_cup_interfaces) by extensions ['colcon_pkg']
[0.284s] Level 1:colcon.colcon_core.package_identification:_identify(src/nxp_cup_interfaces) by extension 'colcon_pkg'
[0.284s] Level 1:colcon.colcon_core.package_identification:_identify(src/nxp_cup_interfaces) by extensions ['colcon_meta']
[0.284s] Level 1:colcon.colcon_core.package_identification:_identify(src/nxp_cup_interfaces) by extension 'colcon_meta'
[0.284s] Level 1:colcon.colcon_core.package_identification:_identify(src/nxp_cup_interfaces) by extensions ['ros']
[0.284s] Level 1:colcon.colcon_core.package_identification:_identify(src/nxp_cup_interfaces) by extension 'ros'
[0.284s] DEBUG:colcon.colcon_core.package_identification:Package 'src/nxp_cup_interfaces' with type 'ros.ament_cmake' and name 'nxp_cup_interfaces'
[0.284s] Level 1:colcon.colcon_core.package_identification:_identify(src/nxp_cup_vision) by extensions ['ignore', 'ignore_ament_install']
[0.284s] Level 1:colcon.colcon_core.package_identification:_identify(src/nxp_cup_vision) by extension 'ignore'
[0.284s] Level 1:colcon.colcon_core.package_identification:_identify(src/nxp_cup_vision) by extension 'ignore_ament_install'
[0.284s] Level 1:colcon.colcon_core.package_identification:_identify(src/nxp_cup_vision) by extensions ['colcon_pkg']
[0.285s] Level 1:colcon.colcon_core.package_identification:_identify(src/nxp_cup_vision) by extension 'colcon_pkg'
[0.285s] Level 1:colcon.colcon_core.package_identification:_identify(src/nxp_cup_vision) by extensions ['colcon_meta']
[0.285s] Level 1:colcon.colcon_core.package_identification:_identify(src/nxp_cup_vision) by extension 'colcon_meta'
[0.285s] Level 1:colcon.colcon_core.package_identification:_identify(src/nxp_cup_vision) by extensions ['ros']
[0.285s] Level 1:colcon.colcon_core.package_identification:_identify(src/nxp_cup_vision) by extension 'ros'
[0.286s] DEBUG:colcon.colcon_core.package_identification:Package 'src/nxp_cup_vision' with type 'ros.ament_python' and name 'nxp_cup_vision'
[0.286s] Level 1:colcon.colcon_core.package_identification:_identify(src/sim_gazebo_bringup) by extensions ['ignore', 'ignore_ament_install']
[0.286s] Level 1:colcon.colcon_core.package_identification:_identify(src/sim_gazebo_bringup) by extension 'ignore'
[0.286s] Level 1:colcon.colcon_core.package_identification:_identify(src/sim_gazebo_bringup) by extension 'ignore_ament_install'
[0.286s] Level 1:colcon.colcon_core.package_identification:_identify(src/sim_gazebo_bringup) by extensions ['colcon_pkg']
[0.286s] Level 1:colcon.colcon_core.package_identification:_identify(src/sim_gazebo_bringup) by extension 'colcon_pkg'
[0.286s] Level 1:colcon.colcon_core.package_identification:_identify(src/sim_gazebo_bringup) by extensions ['colcon_meta']
[0.286s] Level 1:colcon.colcon_core.package_identification:_identify(src/sim_gazebo_bringup) by extension 'colcon_meta'
[0.286s] Level 1:colcon.colcon_core.package_identification:_identify(src/sim_gazebo_bringup) by extensions ['ros']
[0.286s] Level 1:colcon.colcon_core.package_identification:_identify(src/sim_gazebo_bringup) by extension 'ros'
[0.287s] DEBUG:colcon.colcon_core.package_identification:Package 'src/sim_gazebo_bringup' with type 'ros.ament_cmake' and name 'sim_gazebo_bringup'
[0.287s] Level 1:colcon.colcon_core.package_discovery:discover_packages(recursive) using defaults
[0.287s] Level 1:colcon.colcon_core.package_discovery:discover_packages(ignore) discover
[0.287s] Level 1:colcon.colcon_core.package_discovery:discover_packages(ignore) using defaults
[0.287s] Level 1:colcon.colcon_core.package_discovery:discover_packages(path) discover
[0.287s] Level 1:colcon.colcon_core.package_discovery:discover_packages(path) using defaults
[0.301s] INFO:colcon.colcon_core.package_selection:Skipping not selected package 'gazebo_models' in 'osrf/models'
[0.301s] INFO:colcon.colcon_core.package_selection:Skipping not selected package 'nxp_cup_interfaces' in 'src/nxp_cup_interfaces'
[0.301s] INFO:colcon.colcon_core.package_selection:Skipping not selected package 'sim_gazebo_bringup' in 'src/sim_gazebo_bringup'
[0.301s] INFO:colcon.colcon_core.package_selection:Skipping not selected package 'nxp_cup_vision' in 'src/nxp_cup_vision'
[0.302s] Level 1:colcon.colcon_core.package_discovery:discover_packages(prefix_path) check parameters
[0.302s] Level 1:colcon.colcon_core.package_discovery:discover_packages(prefix_path) discover
[0.303s] DEBUG:colcon.colcon_installed_package_information.package_discovery:Found 3 installed packages in /home/umang/ros2ws/install
[0.304s] DEBUG:colcon.colcon_installed_package_information.package_discovery:Found 300 installed packages in /opt/ros/foxy
[0.305s] Level 1:colcon.colcon_core.package_discovery:discover_packages(prefix_path) using defaults
[0.357s] Level 5:colcon.colcon_core.verb:set package 'aim_line_follow' build argument 'cmake_args' from command line to 'None'
[0.357s] Level 5:colcon.colcon_core.verb:set package 'aim_line_follow' build argument 'cmake_target' from command line to 'None'
[0.357s] Level 5:colcon.colcon_core.verb:set package 'aim_line_follow' build argument 'cmake_target_skip_unavailable' from command line to 'False'
[0.357s] Level 5:colcon.colcon_core.verb:set package 'aim_line_follow' build argument 'cmake_clean_cache' from command line to 'False'
[0.357s] Level 5:colcon.colcon_core.verb:set package 'aim_line_follow' build argument 'cmake_clean_first' from command line to 'False'
[0.357s] Level 5:colcon.colcon_core.verb:set package 'aim_line_follow' build argument 'cmake_force_configure' from command line to 'False'
[0.357s] Level 5:colcon.colcon_core.verb:set package 'aim_line_follow' build argument 'ament_cmake_args' from command line to 'None'
[0.357s] Level 5:colcon.colcon_core.verb:set package 'aim_line_follow' build argument 'catkin_cmake_args' from command line to 'None'
[0.357s] Level 5:colcon.colcon_core.verb:set package 'aim_line_follow' build argument 'catkin_skip_building_tests' from command line to 'False'
[0.357s] DEBUG:colcon.colcon_core.verb:Building package 'aim_line_follow' with the following arguments: {'ament_cmake_args': None, 'build_base': '/home/umang/ros2ws/build/aim_line_follow', 'catkin_cmake_args': None, 'catkin_skip_building_tests': False, 'cmake_args': None, 'cmake_clean_cache': False, 'cmake_clean_first': False, 'cmake_force_configure': False, 'cmake_target': None, 'cmake_target_skip_unavailable': False, 'install_base': '/home/umang/ros2ws/install/aim_line_follow', 'merge_install': False, 'path': '/home/umang/ros2ws/src/aim_line_follow', 'symlink_install': True, 'test_result_base': None}
[0.357s] INFO:colcon.colcon_core.executor:Executing jobs using 'parallel' executor
[0.359s] DEBUG:colcon.colcon_parallel_executor.executor.parallel:run_until_complete
[0.359s] INFO:colcon.colcon_ros.task.ament_python.build:Building ROS package in '/home/umang/ros2ws/src/aim_line_follow' with build type 'ament_python'
[0.359s] Level 1:colcon.colcon_core.shell:create_environment_hook('aim_line_follow', 'ament_prefix_path')
[0.361s] INFO:colcon.colcon_core.plugin_system:Skipping extension 'colcon_core.shell.bat': Not used on non-Windows systems
[0.362s] INFO:colcon.colcon_core.shell:Creating environment hook '/home/umang/ros2ws/install/aim_line_follow/share/aim_line_follow/hook/ament_prefix_path.ps1'
[0.362s] INFO:colcon.colcon_core.shell:Creating environment descriptor '/home/umang/ros2ws/install/aim_line_follow/share/aim_line_follow/hook/ament_prefix_path.dsv'
[0.362s] INFO:colcon.colcon_core.shell:Creating environment hook '/home/umang/ros2ws/install/aim_line_follow/share/aim_line_follow/hook/ament_prefix_path.sh'
[0.363s] INFO:colcon.colcon_core.shell:Skip shell extension 'powershell' for command environment: Not usable outside of PowerShell
[0.363s] DEBUG:colcon.colcon_core.shell:Skip shell extension 'dsv' for command environment
[0.957s] INFO:colcon.colcon_core.task.python.build:Building Python package in '/home/umang/ros2ws/src/aim_line_follow'
[0.958s] INFO:colcon.colcon_core.shell:Skip shell extension 'powershell' for command environment: Not usable outside of PowerShell
[0.958s] DEBUG:colcon.colcon_core.shell:Skip shell extension 'dsv' for command environment
[1.733s] DEBUG:colcon.colcon_core.event_handler.log_command:Invoking command in '/home/umang/ros2ws/build/aim_line_follow': AMENT_PREFIX_PATH=/home/umang/ros2ws/install/nxp_cup_interfaces:${AMENT_PREFIX_PATH} CMAKE_PREFIX_PATH=/home/umang/ros2ws/install/nxp_cup_interfaces:${CMAKE_PREFIX_PATH} LD_LIBRARY_PATH=/home/umang/ros2ws/install/nxp_cup_interfaces/lib:${LD_LIBRARY_PATH} PYTHONPATH=/home/umang/ros2ws/install/aim_line_follow/lib/python3.8/site-packages:/home/umang/ros2ws/install/nxp_cup_interfaces/lib/python3.8/site-packages:${PYTHONPATH} /usr/bin/python3 setup.py develop --prefix /home/umang/ros2ws/install/aim_line_follow --editable --build-directory /home/umang/ros2ws/build/aim_line_follow/build --no-deps install_data --install-dir /home/umang/ros2ws/install/aim_line_follow
[3.227s] Level 1:colcon.colcon_core.shell:create_environment_hook('aim_line_follow', 'pythonpath_develop')
[3.228s] INFO:colcon.colcon_core.shell:Creating environment hook '/home/umang/ros2ws/build/aim_line_follow/share/aim_line_follow/hook/pythonpath_develop.ps1'
[3.229s] DEBUG:colcon.colcon_core.event_handler.log_command:Invoked command in '/home/umang/ros2ws/build/aim_line_follow' returned '0': AMENT_PREFIX_PATH=/home/umang/ros2ws/install/nxp_cup_interfaces:${AMENT_PREFIX_PATH} CMAKE_PREFIX_PATH=/home/umang/ros2ws/install/nxp_cup_interfaces:${CMAKE_PREFIX_PATH} LD_LIBRARY_PATH=/home/umang/ros2ws/install/nxp_cup_interfaces/lib:${LD_LIBRARY_PATH} PYTHONPATH=/home/umang/ros2ws/install/aim_line_follow/lib/python3.8/site-packages:/home/umang/ros2ws/install/nxp_cup_interfaces/lib/python3.8/site-packages:${PYTHONPATH} /usr/bin/python3 setup.py develop --prefix /home/umang/ros2ws/install/aim_line_follow --editable --build-directory /home/umang/ros2ws/build/aim_line_follow/build --no-deps install_data --install-dir /home/umang/ros2ws/install/aim_line_follow
[3.230s] INFO:colcon.colcon_core.shell:Creating environment descriptor '/home/umang/ros2ws/build/aim_line_follow/share/aim_line_follow/hook/pythonpath_develop.dsv'
[3.230s] INFO:colcon.colcon_core.shell:Creating environment hook '/home/umang/ros2ws/build/aim_line_follow/share/aim_line_follow/hook/pythonpath_develop.sh'
[3.235s] Level 1:colcon.colcon_core.environment:checking '/home/umang/ros2ws/install/aim_line_follow' for CMake module files
[3.235s] Level 1:colcon.colcon_core.environment:checking '/home/umang/ros2ws/install/aim_line_follow' for CMake config files
[3.235s] Level 1:colcon.colcon_core.environment:checking '/home/umang/ros2ws/install/aim_line_follow/lib'
[3.235s] Level 1:colcon.colcon_core.environment:checking '/home/umang/ros2ws/install/aim_line_follow/bin'
[3.235s] Level 1:colcon.colcon_core.environment:checking '/home/umang/ros2ws/install/aim_line_follow/lib/pkgconfig/aim_line_follow.pc'
[3.236s] Level 1:colcon.colcon_core.environment:checking '/home/umang/ros2ws/install/aim_line_follow/lib/python3.8/site-packages'
[3.236s] Level 1:colcon.colcon_core.shell:create_environment_hook('aim_line_follow', 'pythonpath')
[3.236s] INFO:colcon.colcon_core.shell:Creating environment hook '/home/umang/ros2ws/install/aim_line_follow/share/aim_line_follow/hook/pythonpath.ps1'
[3.236s] INFO:colcon.colcon_core.shell:Creating environment descriptor '/home/umang/ros2ws/install/aim_line_follow/share/aim_line_follow/hook/pythonpath.dsv'
[3.236s] INFO:colcon.colcon_core.shell:Creating environment hook '/home/umang/ros2ws/install/aim_line_follow/share/aim_line_follow/hook/pythonpath.sh'
[3.237s] Level 1:colcon.colcon_core.environment:checking '/home/umang/ros2ws/install/aim_line_follow/bin'
[3.237s] Level 1:colcon.colcon_core.environment:create_environment_scripts_only(aim_line_follow)
[3.237s] INFO:colcon.colcon_core.shell:Creating package script '/home/umang/ros2ws/install/aim_line_follow/share/aim_line_follow/package.ps1'
[3.238s] INFO:colcon.colcon_core.shell:Creating package descriptor '/home/umang/ros2ws/install/aim_line_follow/share/aim_line_follow/package.dsv'
[3.238s] INFO:colcon.colcon_core.shell:Creating package script '/home/umang/ros2ws/install/aim_line_follow/share/aim_line_follow/package.sh'
[3.238s] INFO:colcon.colcon_core.shell:Creating package script '/home/umang/ros2ws/install/aim_line_follow/share/aim_line_follow/package.bash'
[3.239s] INFO:colcon.colcon_core.shell:Creating package script '/home/umang/ros2ws/install/aim_line_follow/share/aim_line_follow/package.zsh'
[3.239s] Level 1:colcon.colcon_core.environment:create_file_with_runtime_dependencies(/home/umang/ros2ws/install/aim_line_follow/share/colcon-core/packages/aim_line_follow)
[3.240s] DEBUG:colcon.colcon_parallel_executor.executor.parallel:closing loop
[3.240s] DEBUG:colcon.colcon_parallel_executor.executor.parallel:loop closed
[3.240s] DEBUG:colcon.colcon_parallel_executor.executor.parallel:run_until_complete finished with '0'
[3.240s] DEBUG:colcon.colcon_core.event_reactor:joining thread
[3.246s] INFO:colcon.colcon_core.plugin_system:Skipping extension 'colcon_notification.desktop_notification.terminal_notifier': Not used on non-Darwin systems
[3.246s] INFO:colcon.colcon_core.plugin_system:Skipping extension 'colcon_notification.desktop_notification.win32': Not used on non-Windows systems
[3.246s] INFO:colcon.colcon_notification.desktop_notification:Sending desktop notification using 'notify2'
[3.253s] DEBUG:colcon.colcon_core.event_reactor:joined thread
[3.254s] INFO:colcon.colcon_core.shell:Creating prefix script '/home/umang/ros2ws/install/local_setup.ps1'
[3.255s] INFO:colcon.colcon_core.shell:Creating prefix util module '/home/umang/ros2ws/install/_local_setup_util_ps1.py'
[3.256s] INFO:colcon.colcon_core.shell:Creating prefix chain script '/home/umang/ros2ws/install/setup.ps1'
[3.257s] INFO:colcon.colcon_core.shell:Creating prefix script '/home/umang/ros2ws/install/local_setup.sh'
[3.258s] INFO:colcon.colcon_core.shell:Creating prefix util module '/home/umang/ros2ws/install/_local_setup_util_sh.py'
[3.258s] INFO:colcon.colcon_core.shell:Creating prefix chain script '/home/umang/ros2ws/install/setup.sh'
[3.259s] INFO:colcon.colcon_core.shell:Creating prefix script '/home/umang/ros2ws/install/local_setup.bash'
[3.260s] INFO:colcon.colcon_core.shell:Creating prefix chain script '/home/umang/ros2ws/install/setup.bash'
[3.261s] INFO:colcon.colcon_core.shell:Creating prefix script '/home/umang/ros2ws/install/local_setup.zsh'
[3.261s] INFO:colcon.colcon_core.shell:Creating prefix chain script '/home/umang/ros2ws/install/setup.zsh'
