[1.373s] Invoking command in '/home/umang/ros2ws/build/aim_line_follow': AMENT_PREFIX_PATH=/home/umang/ros2ws/install/nxp_cup_interfaces:${AMENT_PREFIX_PATH} CMAKE_PREFIX_PATH=/home/umang/ros2ws/install/nxp_cup_interfaces:${CMAKE_PREFIX_PATH} LD_LIBRARY_PATH=/home/umang/ros2ws/install/nxp_cup_interfaces/lib:${LD_LIBRARY_PATH} PYTHONPATH=/home/umang/ros2ws/install/aim_line_follow/lib/python3.8/site-packages:/home/umang/ros2ws/install/nxp_cup_interfaces/lib/python3.8/site-packages:${PYTHONPATH} /usr/bin/python3 setup.py develop --prefix /home/umang/ros2ws/install/aim_line_follow --editable --build-directory /home/umang/ros2ws/build/aim_line_follow/build --no-deps install_data --install-dir /home/umang/ros2ws/install/aim_line_follow
[2.004s] running develop
[2.348s] running egg_info
[2.349s] creating aim_line_follow.egg-info
[2.397s] writing aim_line_follow.egg-info/PKG-INFO
[2.438s] writing dependency_links to aim_line_follow.egg-info/dependency_links.txt
[2.560s] writing entry points to aim_line_follow.egg-info/entry_points.txt
[2.642s] writing requirements to aim_line_follow.egg-info/requires.txt
[2.682s] writing top-level names to aim_line_follow.egg-info/top_level.txt
[2.683s] writing manifest file 'aim_line_follow.egg-info/SOURCES.txt'
[2.741s] reading manifest file 'aim_line_follow.egg-info/SOURCES.txt'
[2.741s] writing manifest file 'aim_line_follow.egg-info/SOURCES.txt'
[2.830s] running build_ext
[2.830s] Creating /home/umang/ros2ws/install/aim_line_follow/lib/python3.8/site-packages/aim-line-follow.egg-link (link to .)
[2.831s] Installing line_follower script to /home/umang/ros2ws/install/aim_line_follow/lib/aim_line_follow
[2.831s] 
[2.831s] Installed /home/umang/ros2ws/build/aim_line_follow
[2.831s] running install_data
[2.831s] creating /home/umang/ros2ws/install/aim_line_follow/share/ament_index
[2.831s] creating /home/umang/ros2ws/install/aim_line_follow/share/ament_index/resource_index
[2.831s] creating /home/umang/ros2ws/install/aim_line_follow/share/ament_index/resource_index/packages
[2.831s] copying resource/aim_line_follow -> /home/umang/ros2ws/install/aim_line_follow/share/ament_index/resource_index/packages
[2.832s] copying package.xml -> /home/umang/ros2ws/install/aim_line_follow/share/aim_line_follow
[2.832s] /home/umang/.local/lib/python3.8/site-packages/setuptools/command/easy_install.py:144: EasyInstallDeprecationWarning: easy_install command is deprecated. Use build and pip and other standards-based tools.
[2.832s]   warnings.warn(
[2.832s] /home/umang/.local/lib/python3.8/site-packages/setuptools/command/install.py:34: SetuptoolsDeprecationWarning: setup.py install is deprecated. Use build and pip and other standards-based tools.
[2.832s]   warnings.warn(
[2.832s] /home/umang/.local/lib/python3.8/site-packages/pkg_resources/__init__.py:123: PkgResourcesDeprecationWarning: 0.1.36ubuntu1 is an invalid version and will not be supported in a future release
[2.832s]   warnings.warn(
[2.832s] /home/umang/.local/lib/python3.8/site-packages/pkg_resources/__init__.py:123: PkgResourcesDeprecationWarning: 0.23ubuntu1 is an invalid version and will not be supported in a future release
[2.832s]   warnings.warn(
[2.869s] Invoked command in '/home/umang/ros2ws/build/aim_line_follow' returned '0': AMENT_PREFIX_PATH=/home/umang/ros2ws/install/nxp_cup_interfaces:${AMENT_PREFIX_PATH} CMAKE_PREFIX_PATH=/home/umang/ros2ws/install/nxp_cup_interfaces:${CMAKE_PREFIX_PATH} LD_LIBRARY_PATH=/home/umang/ros2ws/install/nxp_cup_interfaces/lib:${LD_LIBRARY_PATH} PYTHONPATH=/home/umang/ros2ws/install/aim_line_follow/lib/python3.8/site-packages:/home/umang/ros2ws/install/nxp_cup_interfaces/lib/python3.8/site-packages:${PYTHONPATH} /usr/bin/python3 setup.py develop --prefix /home/umang/ros2ws/install/aim_line_follow --editable --build-directory /home/umang/ros2ws/build/aim_line_follow/build --no-deps install_data --install-dir /home/umang/ros2ws/install/aim_line_follow
